[09:02:36] [User Authenticator #26/INFO]: UUID of player long850923 is c4a5b706-6315-3373-8d30-64bdece565dc
[09:02:36] [Server thread/INFO]: long850923[/120.114.34.48:50123] logged in with entity id 88015 at ([world]-151.71049096859164, 64.0, 14.478485593222882)
[09:03:01] [Server thread/INFO]: long850923 lost connection: Disconnected
[09:03:01] [Server thread/INFO]: long850923 left the game
[11:13:08] [User Authenticator #27/INFO]: UUID of player Lin0716 is 94707897-ba4b-36b4-8d3b-0eff2b215650
[11:13:08] [Server thread/INFO]: Lin0716[/27.246.169.54:18963] logged in with entity id 88206 at ([world]3346.1550364897594, 62.5, 1098.5628855578639)
[11:18:50] [User Authenticator #28/INFO]: UUID of player 阿香 is 369d9027-b79e-3754-96c8-774d64c27b47
[11:18:50] [Server thread/INFO]: 阿香[/114.41.174.93:10919] logged in with entity id 90568 at ([world]-2679.699999988079, 45.0, 307.141029723409)
[11:23:44] [User Authenticator #29/INFO]: UUID of player NekoYibu is 57da2ccf-6585-345b-ad27-62d581146076
[11:23:44] [Server thread/INFO]: NekoYibu[/114.27.88.152:11220] logged in with entity id 93083 at ([world]3585.6667247480545, 69.0, 1311.2345433320336)
[11:25:33] [Async Chat Thread - #9/INFO]: <NekoYibu> 你們也來R
[11:25:44] [Async Chat Thread - #9/INFO]: <NekoYibu> 管它規定人數(X
[11:26:10] [Async Chat Thread - #9/INFO]: <NekoYibu> 要玩嗎
[11:26:19] [Async Chat Thread - #9/INFO]: <NekoYibu> 走啦
[11:26:37] [Async Chat Thread - #9/INFO]: <NekoYibu> 上樓嗎
[11:28:43] [Async Chat Thread - #10/INFO]: <NekoYibu> 妳們要去玩嗎
[11:28:51] [Async Chat Thread - #10/INFO]: <NekoYibu> 樂樂 我勸妳
[11:28:59] [Async Chat Thread - #10/INFO]: <NekoYibu> 走吧
[11:29:07] [Async Chat Thread - #10/INFO]: <NekoYibu> :D
[11:29:25] [Server thread/INFO]: NekoYibu lost connection: Disconnected
[11:29:25] [Server thread/INFO]: NekoYibu left the game
[11:31:31] [Server thread/INFO]: Lin0716 lost connection: Disconnected
[11:31:31] [Server thread/INFO]: Lin0716 left the game
[11:31:36] [Server thread/INFO]: 阿香 lost connection: Disconnected
[11:31:36] [Server thread/INFO]: 阿香 left the game
[18:48:54] [User Authenticator #30/INFO]: UUID of player long850923 is c4a5b706-6315-3373-8d30-64bdece565dc
[18:48:54] [Server thread/INFO]: long850923[/120.114.34.48:59469] logged in with entity id 101571 at ([world]-152.3081274856366, 64.0, 15.209093828496695)
[18:48:57] [Server thread/INFO]: long850923 lost connection: Disconnected
[18:48:57] [Server thread/INFO]: long850923 left the game
